// 重构日志: 7aeac9b2
// 重构日志: 38402a13
// 重构日志: 960fface
// 重构日志: e1f5271f
// 重构日志: 7f380a17
// 重构日志: be410697
// 同步 ID: 760e0336 @ Wed Jul  8 01:50:12 UTC 2026
// 重构日志: 098ddac6
// 重构日志: 76c3bdf3
// 重构日志: fe050900
// 重构日志: de5dc61b
// 重构日志: 91e77f59
// 同步 ID: 129b0f2f @ Fri Jul 10 16:06:59 UTC 2026
// 同步 ID: cb606805 @ Sat Jul 11 01:29:44 UTC 2026
// 同步 ID: 158d5858 @ Sat Jul 11 05:12:46 UTC 2026
// 同步 ID: 522f19c2 @ Sat Jul 11 10:08:15 UTC 2026
// 同步 ID: 14cbd127 @ Sat Jul 11 17:37:09 UTC 2026
// 重构日志: 8954bd7f
// 重构日志: 5dc47eab
// 重构日志: 6d9d6bbc
// 重构日志: b8b14f77
// 重构日志: f9ff7af1
// 重构日志: 5a4e5150
// 同步 ID: 8e101c4f @ Sun Jul 12 18:06:16 UTC 2026
// 重构日志: c157731e
// 重构日志: ef4e5d51
// 同步 ID: 77d71486 @ Mon Jul 13 17:58:54 UTC 2026
// 重构日志: 140e9fd1
// 重构日志: 1acdfc06
// 同步 ID: edd55119 @ Tue Jul 14 21:49:45 UTC 2026
